<?xml version="1.0" encoding="UTF-8"?>
<testsuite name="com.example.demo.MathServiceTest" tests="5" skipped="0" failures="0" errors="0" timestamp="2025-04-02T10:42:20" hostname="DESKTOP-RT16ELH" time="6.292">
  <properties/>
  <testcase name="testMultiplication()" classname="com.example.demo.MathServiceTest" time="6.145"/>
  <testcase name="testAddition()" classname="com.example.demo.MathServiceTest" time="0.033"/>
  <testcase name="testDivisionByZero()" classname="com.example.demo.MathServiceTest" time="0.054"/>
  <testcase name="testDivision()" classname="com.example.demo.MathServiceTest" time="0.024"/>
  <testcase name="testSubtraction()" classname="com.example.demo.MathServiceTest" time="0.026"/>
  <system-out><![CDATA[12:41:56.856 [Test worker] DEBUG org.springframework.test.context.BootstrapUtils - Instantiating CacheAwareContextLoaderDelegate from class [org.springframework.test.context.cache.DefaultCacheAwareContextLoaderDelegate]
12:41:57.020 [Test worker] DEBUG org.springframework.test.context.BootstrapUtils - Instantiating BootstrapContext using constructor [public org.springframework.test.context.support.DefaultBootstrapContext(java.lang.Class,org.springframework.test.context.CacheAwareContextLoaderDelegate)]
12:41:57.320 [Test worker] DEBUG org.springframework.test.context.BootstrapUtils - Instantiating TestContextBootstrapper for test class [com.example.demo.MathServiceTest] from class [org.springframework.boot.test.context.SpringBootTestContextBootstrapper]
12:41:57.447 [Test worker] INFO org.springframework.boot.test.context.SpringBootTestContextBootstrapper - Neither @ContextConfiguration nor @ContextHierarchy found for test class [com.example.demo.MathServiceTest], using SpringBootContextLoader
12:41:57.493 [Test worker] DEBUG org.springframework.test.context.support.AbstractContextLoader - Did not detect default resource location for test class [com.example.demo.MathServiceTest]: class path resource [com/example/demo/MathServiceTest-context.xml] does not exist
12:41:57.501 [Test worker] DEBUG org.springframework.test.context.support.AbstractContextLoader - Did not detect default resource location for test class [com.example.demo.MathServiceTest]: class path resource [com/example/demo/MathServiceTestContext.groovy] does not exist
12:41:57.501 [Test worker] INFO org.springframework.test.context.support.AbstractContextLoader - Could not detect default resource locations for test class [com.example.demo.MathServiceTest]: no resource found for suffixes {-context.xml, Context.groovy}.
12:41:57.506 [Test worker] INFO org.springframework.test.context.support.AnnotationConfigContextLoaderUtils - Could not detect default configuration classes for test class [com.example.demo.MathServiceTest]: MathServiceTest does not declare any static, non-private, non-final, nested classes annotated with @Configuration.
12:41:57.908 [Test worker] DEBUG org.springframework.test.context.support.ActiveProfilesUtils - Could not find an 'annotation declaring class' for annotation type [org.springframework.test.context.ActiveProfiles] and class [com.example.demo.MathServiceTest]
12:41:58.540 [Test worker] DEBUG org.springframework.context.annotation.ClassPathScanningCandidateComponentProvider - Identified candidate component class: file [/mnt/d/Projects/iVolve Graduation Project‏/app/build/classes/java/main/com/example/demo/DemoApplication.class]
12:41:58.562 [Test worker] INFO org.springframework.boot.test.context.SpringBootTestContextBootstrapper - Found @SpringBootConfiguration com.example.demo.DemoApplication for test class com.example.demo.MathServiceTest
12:41:59.808 [Test worker] DEBUG org.springframework.boot.test.context.SpringBootTestContextBootstrapper - @TestExecutionListeners is not present for class [com.example.demo.MathServiceTest]: using defaults.
12:41:59.813 [Test worker] INFO org.springframework.boot.test.context.SpringBootTestContextBootstrapper - Loaded default TestExecutionListener class names from location [META-INF/spring.factories]: [org.springframework.boot.test.autoconfigure.restdocs.RestDocsTestExecutionListener, org.springframework.boot.test.autoconfigure.web.client.MockRestServiceServerResetTestExecutionListener, org.springframework.boot.test.autoconfigure.web.servlet.MockMvcPrintOnlyOnFailureTestExecutionListener, org.springframework.boot.test.autoconfigure.web.servlet.WebDriverTestExecutionListener, org.springframework.boot.test.autoconfigure.webservices.client.MockWebServiceServerTestExecutionListener, org.springframework.boot.test.mock.mockito.MockitoTestExecutionListener, org.springframework.boot.test.mock.mockito.ResetMocksTestExecutionListener, org.springframework.test.context.web.ServletTestExecutionListener, org.springframework.test.context.support.DirtiesContextBeforeModesTestExecutionListener, org.springframework.test.context.event.ApplicationEventsTestExecutionListener, org.springframework.test.context.support.DependencyInjectionTestExecutionListener, org.springframework.test.context.support.DirtiesContextTestExecutionListener, org.springframework.test.context.transaction.TransactionalTestExecutionListener, org.springframework.test.context.jdbc.SqlScriptsTestExecutionListener, org.springframework.test.context.event.EventPublishingTestExecutionListener]
12:41:59.966 [Test worker] DEBUG org.springframework.boot.test.context.SpringBootTestContextBootstrapper - Skipping candidate TestExecutionListener [org.springframework.test.context.transaction.TransactionalTestExecutionListener] due to a missing dependency. Specify custom listener classes or make the default listener classes and their required dependencies available. Offending class: [org/springframework/transaction/interceptor/TransactionAttributeSource]
12:41:59.977 [Test worker] DEBUG org.springframework.boot.test.context.SpringBootTestContextBootstrapper - Skipping candidate TestExecutionListener [org.springframework.test.context.jdbc.SqlScriptsTestExecutionListener] due to a missing dependency. Specify custom listener classes or make the default listener classes and their required dependencies available. Offending class: [org/springframework/transaction/interceptor/TransactionAttribute]
12:41:59.978 [Test worker] INFO org.springframework.boot.test.context.SpringBootTestContextBootstrapper - Using TestExecutionListeners: [org.springframework.test.context.web.ServletTestExecutionListener@758c83d8, org.springframework.test.context.support.DirtiesContextBeforeModesTestExecutionListener@129b4fe2, org.springframework.test.context.event.ApplicationEventsTestExecutionListener@5af3a0f, org.springframework.boot.test.mock.mockito.MockitoTestExecutionListener@19ae6bb, org.springframework.boot.test.autoconfigure.SpringBootDependencyInjectionTestExecutionListener@10993713, org.springframework.test.context.support.DirtiesContextTestExecutionListener@58359ebd, org.springframework.test.context.event.EventPublishingTestExecutionListener@24b6b8f6, org.springframework.boot.test.autoconfigure.restdocs.RestDocsTestExecutionListener@72cf2de5, org.springframework.boot.test.autoconfigure.web.client.MockRestServiceServerResetTestExecutionListener@2bb7bd00, org.springframework.boot.test.autoconfigure.web.servlet.MockMvcPrintOnlyOnFailureTestExecutionListener@5f031ebd, org.springframework.boot.test.autoconfigure.web.servlet.WebDriverTestExecutionListener@4ee37ca3, org.springframework.boot.test.autoconfigure.webservices.client.MockWebServiceServerTestExecutionListener@45c8d09f, org.springframework.boot.test.mock.mockito.ResetMocksTestExecutionListener@53812a9b]
12:42:00.030 [Test worker] DEBUG org.springframework.test.context.support.AbstractDirtiesContextTestExecutionListener - Before test class: context [DefaultTestContext@60dce7ea testClass = MathServiceTest, testInstance = [null], testMethod = [null], testException = [null], mergedContextConfiguration = [WebMergedContextConfiguration@662f5666 testClass = MathServiceTest, locations = '{}', classes = '{class com.example.demo.DemoApplication}', contextInitializerClasses = '[]', activeProfiles = '{}', propertySourceLocations = '{}', propertySourceProperties = '{org.springframework.boot.test.context.SpringBootTestContextBootstrapper=true}', contextCustomizers = set[org.springframework.boot.test.autoconfigure.actuate.metrics.MetricsExportContextCustomizerFactory$DisableMetricExportContextCustomizer@37e4d7bb, org.springframework.boot.test.autoconfigure.properties.PropertyMappingContextCustomizer@0, org.springframework.boot.test.autoconfigure.web.servlet.WebDriverContextCustomizerFactory$Customizer@73d983ea, org.springframework.boot.test.context.filter.ExcludeFilterContextCustomizer@5a3bc7ed, org.springframework.boot.test.json.DuplicateJsonObjectContextCustomizerFactory$DuplicateJsonObjectContextCustomizer@6f44a157, org.springframework.boot.test.mock.mockito.MockitoContextCustomizer@0, org.springframework.boot.test.web.client.TestRestTemplateContextCustomizer@c7ba306, org.springframework.boot.test.context.SpringBootTestArgs@1, org.springframework.boot.test.context.SpringBootTestWebEnvironment@3c3d9b6b], resourceBasePath = 'src/main/webapp', contextLoader = 'org.springframework.boot.test.context.SpringBootContextLoader', parent = [null]], attributes = map['org.springframework.test.context.web.ServletTestExecutionListener.activateListener' -> true]], class annotated with @DirtiesContext [false] with mode [null].

  .   ____          _            __ _ _
 /\\ / ___'_ __ _ _(_)_ __  __ _ \ \ \ \
( ( )\___ | '_ | '_| | '_ \/ _` | \ \ \ \
 \\/  ___)| |_)| | | | | || (_| |  ) ) ) )
  '  |____| .__|_| |_|_| |_\__, | / / / /
 =========|_|==============|___/=/_/_/_/
 :: Spring Boot ::                (v2.6.3)

2025-04-02 12:42:03.103  INFO 1211 --- [    Test worker] com.example.demo.MathServiceTest         : Starting MathServiceTest using Java 17.0.14 on DESKTOP-RT16ELH with PID 1211 (started by abdelhamed in /mnt/d/Projects/iVolve Graduation Project‏/app)
2025-04-02 12:42:03.106  INFO 1211 --- [    Test worker] com.example.demo.MathServiceTest         : No active profile set, falling back to default profiles: default
2025-04-02 12:42:17.435  INFO 1211 --- [    Test worker] o.s.b.a.w.s.WelcomePageHandlerMapping    : Adding welcome page template: index
2025-04-02 12:42:20.185  INFO 1211 --- [    Test worker] com.example.demo.MathServiceTest         : Started MathServiceTest in 16.792 seconds (JVM running for 26.57)
]]></system-out>
  <system-err><![CDATA[]]></system-err>
</testsuite>
